GET /usuarios 200 28 - 3.684 ms
POST /usuarios 200 31 - 0.611 ms
GET /usuarios/3 404 39 - 0.725 ms
PUT /usuarios/3 404 39 - 0.505 ms
DELETE /usuarios/3 500 1406 - 2.116 ms
GET /usuarios 200 31 - 0.321 ms
GET /usuarios 200 28 - 3.146 ms
GET /usuarios 200 155 - 3.340 ms
GET /usuarios 200 157 - 3.809 ms
GET /usuarios 200 2 - 2.892 ms
POST /usuarios/ 404 40 - 9.928 ms
POST /usuarios/ 404 40 - 12.021 ms
GET /usuarios/fsdf 200 2 - 7.017 ms
GET /usuarios/fsdf 200 2 - 1.059 ms
GET /usuarios/asd 200 2 - 0.784 ms
GET /usuarios/asd 200 2 - 8.481 ms
GET /usuarios/asd 200 2 - 1.153 ms
GET /usuarios/ 404 148 - 1.678 ms
GET /usuarios/asd 200 2 - 1.675 ms
GET /usuarios/asd 200 2 - 8.267 ms
GET /usuarios/ 404 148 - 1.911 ms
GET /usuarios 404 147 - 0.724 ms
GET /usuarios 404 147 - 0.389 ms
GET /usuarios/sfd 200 2 - 1.445 ms
GET /usuarios/sfd 200 2 - 7.798 ms
GET /usuarios 404 147 - 1.879 ms
GET /usuarios 404 147 - 3.241 ms
POST /usuarios 404 40 - 10.810 ms
GET /usuarios 404 147 - 0.385 ms
GET /usuarios/sdf 200 2 - 1.604 ms
PUT /usuarios/ 404 148 - 0.395 ms
PUT /usuarios/sdf 200 2 - 1.990 ms
GET /shopping/ 404 148 - 2.601 ms
GET /shopping/60e50acb67fd165610dbec71 404 172 - 0.594 ms
GET /shopping/ 404 148 - 2.536 ms
GET /shopping/ 404 148 - 3.074 ms
GET /shopping/asd 200 2 - 7.341 ms
GET /shopping/ 404 148 - 1.721 ms
GET /shopping/asd 200 2 - 7.844 ms
GET /shopping/asd 200 2 - 8.476 ms
